<?xml version="1.0" encoding="UTF-8"?>
<testsuite name="models.BlogTest" tests="4" skipped="0" failures="0" errors="0" timestamp="2025-02-19T05:16:07" hostname="Wisss-MacBook-Air.local" time="0.004">
  <properties/>
  <testcase name="testGetPostsByAuthorAgeWithEmptyData()" classname="models.BlogTest" time="0.001"/>
  <testcase name="testGetPostsByAuthorAgeWithMissingAuthor()" classname="models.BlogTest" time="0.0"/>
  <testcase name="testGetPostsByAuthorAgeWithValidAge()" classname="models.BlogTest" time="0.0"/>
  <testcase name="testGetPostsByAuthorAgeWithNoMatchingAge()" classname="models.BlogTest" time="0.001"/>
  <system-out><![CDATA[]]></system-out>
  <system-err><![CDATA[]]></system-err>
</testsuite>
